02/29/2024 15:16 | sample-scene | 0h 0m 11s
02/29/2024 15:17 | sample-scene | 0h 0m 7s
02/29/2024 15:19 | sample-scene | 0h 0m 7s
02/29/2024 15:20 | sample-scene | 0h 0m 6s
02/29/2024 15:22 | sample-scene | 0h 0m 6s
02/29/2024 15:23 | sample-scene | 0h 0m 9s
02/29/2024 16:42 | sample-scene | 0h 0m 7s
02/29/2024 16:45 | sample-scene | 0h 0m 8s
02/29/2024 16:49 | sample-scene | 0h 0m 7s
02/29/2024 16:50 | sample-scene | 0h 0m 7s
02/29/2024 16:52 | sample-scene | 0h 0m 7s
02/29/2024 16:54 | sample-scene | 0h 0m 7s
02/29/2024 16:55 | sample-scene | 0h 0m 7s
02/29/2024 16:56 | sample-scene | 0h 0m 7s
02/29/2024 17:29 | sample-scene | 0h 0m 7s
02/29/2024 17:31 | sample-scene | 0h 0m 7s
02/29/2024 17:31 | sample-scene | 0h 0m 7s
02/29/2024 17:33 | sample-scene | 0h 0m 8s
02/29/2024 17:34 | sample-scene | 0h 0m 7s
02/29/2024 17:35 | sample-scene | 0h 0m 10s
02/29/2024 17:36 | sample-scene | 0h 0m 9s
02/29/2024 17:37 | sample-scene | 0h 0m 9s
02/29/2024 17:38 | sample-scene | 0h 0m 9s
02/29/2024 17:39 | sample-scene | 0h 0m 10s
02/29/2024 17:40 | sample-scene | 0h 0m 11s
02/29/2024 17:42 | sample-scene | 0h 0m 10s
02/29/2024 17:43 | sample-scene | 0h 0m 9s
02/29/2024 17:43 | sample-scene | 0h 0m 9s
02/29/2024 17:44 | sample-scene | 0h 0m 10s
02/29/2024 17:45 | sample-scene | 0h 0m 10s
02/29/2024 17:46 | sample-scene | 0h 0m 10s
02/29/2024 17:47 | sample-scene | 0h 0m 12s
02/29/2024 17:49 | sample-scene | 0h 0m 10s
03/03/2024 20:42 | sample-scene | 0h 0m 14s
03/03/2024 20:44 | sample-scene | 0h 0m 13s
03/03/2024 20:51 | Player | 0h 0m 6s
03/03/2024 20:53 | Player | 0h 0m 42s
03/03/2024 20:55 | Player | 0h 0m 36s
03/03/2024 21:02 | Player | 0h 0m 17s
03/03/2024 21:03 | Player | 0h 0m 3s
03/03/2024 21:06 | Player | 0h 0m 20s
03/04/2024 01:31 | sample-scene | 0h 0m 19s
03/07/2024 02:26 | awakening | 0h 0m 36s
03/07/2024 02:34 | awakening | 0h 0m 38s
03/07/2024 02:37 | awakening | 0h 0m 30s
03/07/2024 16:53 | awakening | 0h 0m 14s
03/07/2024 17:04 | awakening | 0h 0m 12s
03/07/2024 17:06 | awakening | 0h 0m 9s
03/07/2024 17:09 | awakening | 0h 0m 9s
03/07/2024 17:10 | awakening | 0h 0m 25s
03/07/2024 17:14 | awakening | 0h 0m 38s
03/07/2024 17:16 | awakening | 0h 0m 31s
03/07/2024 17:23 | awakening | 0h 0m 12s
03/07/2024 17:25 | awakening | 0h 0m 13s
03/07/2024 17:49 | awakening | 0h 0m 16s
03/07/2024 17:51 | awakening | 0h 0m 14s
03/07/2024 17:52 | awakening | 0h 0m 22s
03/07/2024 17:54 | awakening | 0h 0m 18s
03/07/2024 17:56 | awakening | 0h 0m 18s
03/07/2024 17:58 | Player | 0h 0m 32s
03/07/2024 18:00 | awakening | 0h 0m 17s
03/07/2024 18:02 | awakening | 0h 0m 16s
03/07/2024 18:07 | awakening | 0h 0m 17s
03/07/2024 18:08 | awakening | 0h 0m 17s
03/07/2024 22:03 | awakening | 0h 0m 33s
03/07/2024 22:06 | awakening | 0h 0m 35s
03/07/2024 22:08 | awakening | 0h 0m 34s
03/07/2024 22:18 | awakening | 0h 0m 31s
03/07/2024 22:24 | test-2 | 0h 0m 12s
03/07/2024 22:25 | test-2 | 0h 0m 20s
03/07/2024 22:29 | test-2 | 0h 0m 24s
03/07/2024 22:29 | test-2 | 0h 0m 2s
03/07/2024 22:45 | Player | 0h 0m 3s
03/07/2024 22:46 | Player | 0h 0m 28s
03/07/2024 22:47 | Player | 0h 0m 6s
03/07/2024 22:49 | Player | 0h 0m 29s
03/07/2024 22:52 | Player | 0h 0m 39s
03/07/2024 23:03 | Player | 0h 0m 39s
03/07/2024 23:06 | Player | 0h 0m 37s
03/07/2024 23:09 | Player | 0h 0m 3s
03/07/2024 23:12 | Player | 0h 0m 39s
03/07/2024 23:36 | Player | 0h 0m 40s
03/07/2024 23:44 | Player | 0h 1m 4s
03/07/2024 23:45 | Player | 0h 0m 4s
03/07/2024 23:50 | Player | 0h 0m 50s
03/07/2024 23:52 | Player | 0h 0m 4s
03/08/2024 00:27 | Player | 0h 0m 29s
03/08/2024 00:50 | Player | 0h 0m 30s
03/08/2024 13:46 | awakening | 0h 1m 14s
03/08/2024 13:48 | awakening | 0h 1m 3s
03/08/2024 13:51 | awakening | 0h 1m 2s
03/10/2024 20:28 | start | 0h 0m 15s
03/10/2024 20:29 | start | 0h 0m 15s
03/10/2024 20:30 | start | 0h 0m 16s
03/10/2024 20:31 | start | 0h 0m 16s
03/10/2024 20:38 | start | 0h 0m 18s
03/10/2024 20:39 | start | 0h 0m 19s
03/10/2024 20:40 | start | 0h 0m 18s
03/10/2024 20:49 | end | 0h 0m 27s
03/10/2024 20:51 | end | 0h 0m 23s
03/11/2024 17:21 | start | 0h 0m 28s
03/11/2024 17:21 | Player | 0h 0m 4s
03/11/2024 17:22 | start | 0h 0m 23s
03/11/2024 17:22 | Player | 0h 0m 3s
03/11/2024 17:30 | awakening | 0h 1m 26s
03/11/2024 21:01 | awakening | 0h 1m 25s
03/11/2024 21:01 | Player | 0h 0m 5s
03/11/2024 21:03 | Player | 0h 0m 40s
03/11/2024 21:03 | Player | 0h 0m 5s
03/11/2024 21:10 | awakening | 0h 1m 17s
03/11/2024 21:11 | Player | 0h 0m 7s
03/13/2024 00:05 | awakening | 0h 1m 25s
03/13/2024 00:07 | awakening | 0h 1m 21s
03/14/2024 01:33 | awakening | 0h 1m 10s
03/14/2024 01:35 | awakening | 0h 1m 25s
03/14/2024 02:19 | awakening | 0h 1m 25s
